<?xml version="1.0" encoding="UTF-8"?>
<!-- Generated by org.testng.reporters.JUnitXMLReporter -->
<testsuite hostname="LAPTOP-J9THCFRO" ignored="0" name="Test Cases" tests="3" failures="1" timestamp="2021-12-28T12:42:25 IST" time="6.623" errors="0">
  <testcase name="launchGoogle1" time="4.472" classname="extentDemo.ExtentReportDemo"/>
  <testcase name="launchGoogle2" time="1.26" classname="extentDemo.ExtentReportDemo">
    <failure type="java.lang.AssertionError" message="expected [Yahoo123413] but found [Yahoo Search - Web Search]">
      <![CDATA[java.lang.AssertionError: expected [Yahoo123413] but found [Yahoo Search - Web Search]
at org.testng.Assert.fail(Assert.java:99)
at org.testng.Assert.failNotEquals(Assert.java:1037)
at org.testng.Assert.assertEqualsImpl(Assert.java:140)
at org.testng.Assert.assertEquals(Assert.java:122)
at org.testng.Assert.assertEquals(Assert.java:629)
at org.testng.Assert.assertEquals(Assert.java:639)
at extentDemo.ExtentReportDemo.launchGoogle2(ExtentReportDemo.java:49)
at sun.reflect.NativeMethodAccessorImpl.invoke0(Native Method)
at sun.reflect.NativeMethodAccessorImpl.invoke(NativeMethodAccessorImpl.java:62)
at sun.reflect.DelegatingMethodAccessorImpl.invoke(DelegatingMethodAccessorImpl.java:43)
at java.lang.reflect.Method.invoke(Method.java:498)
at org.testng.internal.MethodInvocationHelper.invokeMethod(MethodInvocationHelper.java:133)
at org.testng.internal.TestInvoker.invokeMethod(TestInvoker.java:598)
at org.testng.internal.TestInvoker.invokeTestMethod(TestInvoker.java:173)
at org.testng.internal.MethodRunner.runInSequence(MethodRunner.java:46)
at org.testng.internal.TestInvoker$MethodInvocationAgent.invoke(TestInvoker.java:824)
at org.testng.internal.TestInvoker.invokeTestMethods(TestInvoker.java:146)
at org.testng.internal.TestMethodWorker.invokeTestMethods(TestMethodWorker.java:146)
at org.testng.internal.TestMethodWorker.run(TestMethodWorker.java:128)
at java.util.concurrent.ThreadPoolExecutor.runWorker(ThreadPoolExecutor.java:1149)
at java.util.concurrent.ThreadPoolExecutor$Worker.run(ThreadPoolExecutor.java:624)
at java.lang.Thread.run(Thread.java:748)
]]>
    </failure>
  </testcase> <!-- launchGoogle2 -->
  <testcase name="launchGoogle3" time="0.346" classname="extentDemo.ExtentReportDemo">
    <skipped/>
  </testcase> <!-- launchGoogle3 -->
</testsuite> <!-- Test Cases -->
