<?xml version="1.0" encoding="UTF-8"?>
<!-- Generated by org.testng.reporters.JUnitXMLReporter -->
<testsuite hostname="LAPTOP-J9THCFRO" ignored="3" name="Test Cases(failed)(failed)" tests="1" failures="0" timestamp="2021-12-22T12:48:16 IST" time="0.146" errors="0">
  <testcase name="secondTestCase" time="0.115" classname="TestNG.sampleTestNG"/>
  <testcase name="fourthTestCase" time="0.0" classname="TestNG.sampleTestNG">
    <ignored/>
  </testcase> <!-- fourthTestCase -->
  <testcase name="firstTestCase" time="0.0" classname="TestNG.sampleTestNG">
    <ignored/>
  </testcase> <!-- firstTestCase -->
  <testcase name="thirdTestCase" time="0.0" classname="TestNG.sampleTestNG">
    <ignored/>
  </testcase> <!-- thirdTestCase -->
</testsuite> <!-- Test Cases(failed)(failed) -->
